This is pdfTeXk, Version 3.1415926-1.40.9 (Web2C 7.5.7) (format=latex 2009.7.21)  4 DEC 2009 09:33
entering extended mode
 %&-line parsing enabled.
**./images.tex
(./images.tex
LaTeX2e <2005/12/01>
Babel <v3.8l> and hyphenation patterns for english, usenglishmax, dumylang, noh
yphenation, sanskrit, loaded.

(/usr/local/texlive/2008/texmf-dist/tex/latex/base/article.cls
Document Class: article 2005/09/16 v1.4f Standard LaTeX document class
(/usr/local/texlive/2008/texmf-dist/tex/latex/base/size11.clo
File: size11.clo 2005/09/16 v1.4f Standard LaTeX file (size option)
)
\c@part=\count79
\c@section=\count80
\c@subsection=\count81
\c@subsubsection=\count82
\c@paragraph=\count83
\c@subparagraph=\count84
\c@figure=\count85
\c@table=\count86
\abovecaptionskip=\skip41
\belowcaptionskip=\skip42
\bibindent=\dimen102
) (/usr/local/texlive/2008/texmf-dist/tex/latex/base/ifthen.sty
Package: ifthen 2001/05/26 v1.1c Standard LaTeX ifthen package (DPC)
) (/usr/local/texlive/2008/texmf-dist/tex/latex/tools/multicol.sty
Package: multicol 2006/05/18 v1.6g multicolumn formatting (FMi)
\c@tracingmulticols=\count87
\mult@box=\box26
\multicol@leftmargin=\dimen103
\c@unbalance=\count88
\c@collectmore=\count89
\doublecol@number=\count90
\multicoltolerance=\count91
\multicolpretolerance=\count92
\full@width=\dimen104
\page@free=\dimen105
\premulticols=\dimen106
\postmulticols=\dimen107
\multicolsep=\skip43
\multicolbaselineskip=\skip44
\partial@page=\box27
\last@line=\box28
\mult@rightbox=\box29
\mult@grightbox=\box30
\mult@gfirstbox=\box31
\mult@firstbox=\box32
\@tempa=\box33
\@tempa=\box34
\@tempa=\box35
\@tempa=\box36
\@tempa=\box37
\@tempa=\box38
\@tempa=\box39
\@tempa=\box40
\@tempa=\box41
\@tempa=\box42
\@tempa=\box43
\@tempa=\box44
\@tempa=\box45
\@tempa=\box46
\@tempa=\box47
\@tempa=\box48
\@tempa=\box49
\c@columnbadness=\count93
\c@finalcolumnbadness=\count94
\last@try=\dimen108
\multicolovershoot=\dimen109
\multicolundershoot=\dimen110
\mult@nat@firstbox=\box50
\colbreak@box=\box51
) (/usr/share/itrans53/lib/itrans.sty
File: itrans.sty 1998/6/12
(/usr/share/itrans53/lib/idevn.tex)) (/usr/local/texlive/2008/texmf/tex/latex/h
tml/html.sty (/usr/local/texlive/2008/texmf-dist/tex/latex/hyperref/hyperref.st
y
Package: hyperref 2009/05/01 v6.78r Hypertext links for LaTeX
(/usr/local/texlive/2008/texmf-dist/tex/latex/graphics/keyval.sty
Package: keyval 1999/03/16 v1.13 key=value parser (DPC)
\KV@toks@=\toks14
) (/usr/local/texlive/2008/texmf-dist/tex/generic/oberdiek/ifpdf.sty
Package: ifpdf 2009/04/10 v2.0 Provides the ifpdf switch (HO)
Package ifpdf Info: pdfTeX in pdf mode not detected.
) (/usr/local/texlive/2008/texmf-dist/tex/generic/oberdiek/ifvtex.sty
Package: ifvtex 2008/11/04 v1.4 Switches for detecting VTeX and its modes (HO)
Package ifvtex Info: VTeX not detected.
) (/usr/local/texlive/2008/texmf-dist/tex/generic/ifxetex/ifxetex.sty
Package: ifxetex 2009/01/23 v0.5 Provides ifxetex conditional
) (/usr/local/texlive/2008/texmf-dist/tex/latex/oberdiek/hycolor.sty
Package: hycolor 2008/09/08 v1.4 Code for color options of hyperref/bookmark (H
O)
(/usr/local/texlive/2008/texmf-dist/tex/latex/oberdiek/xcolor-patch.sty
Package: xcolor-patch 2008/09/08 xcolor patch
))
\@linkdim=\dimen111
\Hy@linkcounter=\count95
\Hy@pagecounter=\count96
(/usr/local/texlive/2008/texmf-dist/tex/latex/hyperref/pd1enc.def
File: pd1enc.def 2009/05/01 v6.78r Hyperref: PDFDocEncoding definition (HO)
) (/usr/local/texlive/2008/texmf-dist/tex/generic/oberdiek/etexcmds.sty
Package: etexcmds 2007/12/12 v1.2 Prefix for e-TeX command names (HO)
(/usr/local/texlive/2008/texmf-dist/tex/generic/oberdiek/infwarerr.sty
Package: infwarerr 2007/09/09 v1.2 Providing info/warning/message (HO)
)
Package etexcmds Info: Could not find \expanded.
(etexcmds)             That can mean that you are not using pdfTeX 1.50 or
(etexcmds)             that some package has redefined \expanded.
(etexcmds)             In the latter case, load this package earlier.
) (/usr/local/texlive/2008/texmf/tex/latex/config/hyperref.cfg
File: hyperref.cfg 2002/06/06 v1.2 hyperref configuration of TeXLive
) (/usr/local/texlive/2008/texmf-dist/tex/latex/oberdiek/kvoptions.sty
Package: kvoptions 2009/04/10 v3.1 Keyval support for LaTeX options (HO)
)
Package hyperref Info: Hyper figures OFF on input line 2953.
Package hyperref Info: Link nesting OFF on input line 2958.
Package hyperref Info: Hyper index ON on input line 2961.
Package hyperref Info: Plain pages OFF on input line 2968.
Package hyperref Info: Backreferencing OFF on input line 2973.
Implicit mode ON; LaTeX internals redefined
Package hyperref Info: Bookmarks ON on input line 3163.
(/usr/local/texlive/2008/texmf/tex/latex/html/url.sty
Package: url 1999/03/02  ver 1.4  Verb mode for urls, email addresses, and file
 names
)
LaTeX Info: Redefining \url on input line 3400.
(/usr/local/texlive/2008/texmf-dist/tex/generic/oberdiek/bitset.sty
Package: bitset 2007/09/28 v1.0 Data type bit set (HO)
(/usr/local/texlive/2008/texmf-dist/tex/generic/oberdiek/intcalc.sty
Package: intcalc 2007/09/27 v1.1 Expandable integer calculations (HO)
) (/usr/local/texlive/2008/texmf-dist/tex/generic/oberdiek/bigintcalc.sty
Package: bigintcalc 2007/11/11 v1.1 Expandable big integer calculations (HO)
(/usr/local/texlive/2008/texmf-dist/tex/generic/oberdiek/pdftexcmds.sty
Package: pdftexcmds 2009/04/10 v0.4 LuaTeX support for pdfTeX utility functions
 (HO)
(/usr/local/texlive/2008/texmf-dist/tex/generic/oberdiek/ifluatex.sty
Package: ifluatex 2009/04/10 v1.1 Provides the ifluatex switch (HO)
Package ifluatex Info: LuaTeX not detected.
)
Package pdftexcmds Info: LuaTeX not detected on input line 145.
))) (/usr/local/texlive/2008/texmf-dist/tex/generic/oberdiek/kvsetkeys.sty
Package: kvsetkeys 2007/09/29 v1.3 Key value parser with default handler suppor
t (HO)
)
\Fld@menulength=\count97
\Field@Width=\dimen112
\Fld@charsize=\dimen113
\Field@toks=\toks15
Package hyperref Info: Hyper figures OFF on input line 4317.
Package hyperref Info: Link nesting OFF on input line 4322.
Package hyperref Info: Hyper index ON on input line 4325.
Package hyperref Info: backreferencing OFF on input line 4332.
Package hyperref Info: Link coloring OFF on input line 4337.
Package hyperref Info: Link coloring with OCG OFF on input line 4342.
Package hyperref Info: PDF/A mode OFF on input line 4347.
(/usr/local/texlive/2008/texmf-dist/tex/generic/oberdiek/atbegshi.sty
Package: atbegshi 2008/07/31 v1.9 At begin shipout hook (HO)
)
\Hy@abspage=\count98
\c@Item=\count99
\c@Hfootnote=\count100
)
*hyperref using default driver hdvips*
(/usr/local/texlive/2008/texmf-dist/tex/latex/hyperref/hdvips.def
File: hdvips.def 2009/05/01 v6.78r Hyperref driver for dvips
(/usr/local/texlive/2008/texmf-dist/tex/latex/hyperref/pdfmark.def
File: pdfmark.def 2009/05/01 v6.78r Hyperref definitions for pdfmark specials
\pdf@docset=\toks16
\pdf@box=\box52
\pdf@toks=\toks17
\pdf@defaulttoks=\toks18
\Fld@listcount=\count101
))
Package: html 1999/07/19 v1.38 hypertext commands for latex2html (nd, hws, rrm)

\c@lpart=\count102
\c@lchapter=\count103
\c@chapter=\count104
\c@lsection=\count105
\c@lsubsection=\count106
\c@lsubsubsection=\count107
\c@lparagraph=\count108
\c@lsubparagraph=\count109
\c@lsubsubparagraph=\count110
\ptrfile=\write3
)
\zErOdEpTh=\box53
(/usr/local/texlive/2008/texmf-dist/tex/latex/graphics/color.sty
Package: color 2005/11/14 v1.0j Standard LaTeX Color (DPC)
(/usr/local/texlive/2008/texmf/tex/latex/config/color.cfg
File: color.cfg 2007/01/18 v1.5 color configuration of teTeX/TeXLive
)
Package color Info: Driver file: dvips.def on input line 130.
(/usr/local/texlive/2008/texmf-dist/tex/latex/graphics/dvips.def
File: dvips.def 1999/02/16 v3.0i Driver-dependant file (DPC,SPQR)
) (/usr/local/texlive/2008/texmf-dist/tex/latex/graphics/dvipsnam.def
File: dvipsnam.def 1999/02/16 v3.0i Driver-dependant file (DPC,SPQR)
)) (/usr/local/texlive/2008/texmf-dist/tex/latex/base/inputenc.sty
Package: inputenc 2006/05/05 v1.1b Input encoding file
\inpenc@prehook=\toks19
\inpenc@posthook=\toks20
(/usr/local/texlive/2008/texmf-dist/tex/latex/base/latin1.def
File: latin1.def 2006/05/05 v1.1b Input encoding file
))
\sizebox=\box54
\lthtmlwrite=\write4
(./images.aux)
\openout1 = `images.aux'.

LaTeX Font Info:    Checking defaults for OML/cmm/m/it on input line 161.
LaTeX Font Info:    ... okay on input line 161.
LaTeX Font Info:    Checking defaults for T1/cmr/m/n on input line 161.
LaTeX Font Info:    ... okay on input line 161.
LaTeX Font Info:    Checking defaults for OT1/cmr/m/n on input line 161.
LaTeX Font Info:    ... okay on input line 161.
LaTeX Font Info:    Checking defaults for OMS/cmsy/m/n on input line 161.
LaTeX Font Info:    ... okay on input line 161.
LaTeX Font Info:    Checking defaults for OMX/cmex/m/n on input line 161.
LaTeX Font Info:    ... okay on input line 161.
LaTeX Font Info:    Checking defaults for U/cmr/m/n on input line 161.
LaTeX Font Info:    ... okay on input line 161.
LaTeX Font Info:    Checking defaults for PD1/pdf/m/n on input line 161.
LaTeX Font Info:    ... okay on input line 161.
Package hyperref Info: Link coloring OFF on input line 161.
(/usr/local/texlive/2008/texmf-dist/tex/latex/hyperref/nameref.sty
Package: nameref 2007/05/29 v2.31 Cross-referencing by name of section
(/usr/local/texlive/2008/texmf-dist/tex/latex/oberdiek/refcount.sty
Package: refcount 2008/08/11 v3.1 Data extraction from references (HO)
)
\c@section@level=\count111
)
LaTeX Info: Redefining \ref on input line 161.
LaTeX Info: Redefining \pageref on input line 161.
\@outlinefile=\write5
\openout5 = `images.out'.

\AtBeginShipoutBox=\box55

latex2htmlLength hsize=451.0pt

latex2htmlLength vsize=554.0pt

latex2htmlLength hoffset=0.0pt

latex2htmlLength voffset=0.0pt

latex2htmlLength topmargin=0.0pt

latex2htmlLength topskip=0.00003pt

latex2htmlLength headheight=0.0pt

latex2htmlLength headsep=0.0pt

latex2htmlLength parskip=0.0pt plus 1.0pt

latex2htmlLength oddsidemargin=0.0pt

latex2htmlLength evensidemargin=0.0pt

l2hSize :tex2html_accent_inline2886:6.21715pt::0.0pt::5.23163pt.
[1



]
l2hSize :tex2html_ind_inline2896:10.02pt::10.02pt::16.45166pt.
[2


]
l2hSize :tex2html_ind_inline2897:10.02pt::10.02pt::27.25958pt.
[3


]
l2hSize :tex2html_accent_inline2899:7.23512pt::7.23512pt::4.80588pt.
[4


]
l2hSize :tex2html_ind_inline2901:10.342pt::10.342pt::20.88956pt.
[5


]
l2hSize :tex2html_accent_inline2903:7.98248pt::7.98248pt::8.45587pt.
[6


]
LaTeX Font Info:    External font `cmex10' loaded for size
(Font)              <10.95> on input line 235.
LaTeX Font Info:    External font `cmex10' loaded for size
(Font)              <8> on input line 235.
LaTeX Font Info:    External font `cmex10' loaded for size
(Font)              <6> on input line 235.
l2hSize :makeimage79:115.12004pt::0.0pt::451.0pt.
[7


]
l2hSize :tex2html_accent_inline2908:5.21457pt::5.21457pt::10.22008pt.
[8


]
l2hSize :tex2html_accent_inline2909:6.21715pt::0.0pt::6.02254pt.
[9


]
l2hSize :tex2html_accent_inline2912:6.21715pt::0.0pt::6.63087pt.
[10


]
l2hSize :tex2html_ind_inline2913:10.342pt::10.342pt::17.89342pt.
[11


]
l2hSize :tex2html_ind_inline2916:9.208pt::9.208pt::18.83151pt.
[12


]
l2hSize :tex2html_accent_inline2919:7.31305pt::0.0pt::7.1784pt.
[13


]
l2hSize :tex2html_ind_inline2920:10.342pt::10.342pt::19.76944pt.
[14


]
l2hSize :tex2html_ind_inline2921:10.342pt::10.342pt::19.76944pt.
[15


]
l2hSize :makeimage230:45.09pt::0.0pt::451.0pt.
[16


]
l2hSize :makeimage279:23.05742pt::17.58244pt::451.0pt.
[17


]
Missing character: There is no ` in font pun!
l2hSize :tex2html_accent_inline2925:10.66399pt::10.66399pt::8.89153pt.
[18


]
Missing character: There is no ` in font pun!
l2hSize :tex2html_accent_inline2926:7.48999pt::0.0pt::10.96353pt.
[19


]
Missing character: There is no ` in font pun!
l2hSize :tex2html_accent_inline2927:7.98999pt::7.98999pt::7.51953pt.
[20


]
l2hSize :tex2html_ind_inline2934:10.72398pt::0.0pt::10.97752pt.
[21


]
l2hSize :tex2html_ind_inline2935:11.22398pt::11.22398pt::27.6795pt.
[22


]
l2hSize :tex2html_ind_inline2936:10.66399pt::10.66399pt::36.0235pt.
[23


]
l2hSize :makeimage336:89.30602pt::0.0pt::451.0pt.
[24


]
l2hSize :tex2html_ind_inline2940:10.66399pt::10.66399pt::108.8934pt.
[25


]
l2hSize :tex2html_ind_inline2941:10.342pt::10.342pt::67.98541pt.
[26


]
l2hSize :makeimage376:180.93399pt::0.0pt::399.53491pt.
[27


]
l2hSize :tex2html_accent_inline2943:8.10416pt::8.10416pt::5.23163pt.
[28


]
l2hSize :tex2html_ind_inline2944:7.98999pt::7.98999pt::10.71152pt.
[29


]
Missing character: There is no ` in font pun!
l2hSize :tex2html_accent_inline2945:11.22398pt::11.22398pt::9.50752pt.
[30


]
l2hSize :tex2html_accent_inline2946:5.21457pt::5.21457pt::7.1784pt.
[31


]
l2hSize :tex2html_accent_inline2947:8.10416pt::8.10416pt::6.63087pt.
[32


]
l2hSize :tex2html_wrap_inline1832:7.57185pt::7.57185pt::9.06422pt.
[33


]
l2hSize :tex2html_wrap_inline1834:7.57185pt::7.57185pt::9.06422pt.
[34


]
Missing character: There is no ` in font pun!
Missing character: There is no ` in font pun!
Missing character: There is no ` in font pun!
l2hSize :makeimage408:22.37737pt::16.90239pt::451.0pt.
[35


]
l2hSize :makeimage423:22.37737pt::16.90239pt::451.0pt.
[36


]
Missing character: There is no ` in font pun!
Missing character: There is no ` in font pun!
Missing character: There is no ` in font pun!
Missing character: There is no ` in font pun!
Missing character: There is no ` in font pun!
Missing character: There is no ` in font pun!
Missing character: There is no ` in font pun!
Missing character: There is no ` in font pun!
Missing character: There is no ` in font pun!
Missing character: There is no ` in font pun!
Missing character: There is no ` in font pun!
l2hSize :makeimage438:41.41725pt::35.94228pt::451.0pt.
[37


]
l2hSize :makeimage494:96.53015pt::91.05516pt::451.0pt.
[38


]
l2hSize :makeimage599:22.37737pt::16.90239pt::451.0pt.
[39


]
l2hSize :makeimage624:31.89731pt::26.42233pt::451.0pt.
[40


]
Missing character: There is no ` in font pun!
Missing character: There is no ` in font pun!
Missing character: There is no ` in font pun!
Missing character: There is no ` in font pun!
l2hSize :makeimage663:31.89731pt::26.42233pt::451.0pt.
[41


]
*** image for makeimage693 is too tall at 675.82555pt, reducing to .95 vsize **
*
l2hSize :makeimage693:526.29831pt::0.0pt::451.0pt.
[42


]
Underfull \hbox (badness 10000) in paragraph at lines 2117--2206

 []

l2hSize :makeimage1489:156.24205pt::0.0pt::451.0pt.
[43


]
l2hSize :makeimage1581:156.24205pt::0.0pt::451.0pt.
[44


] (./images.aux) ) 
Here is how much of TeX's memory you used:
 4306 strings out of 495063
 63287 string characters out of 1181974
 176956 words of memory out of 3000000
 7453 multiletter control sequences out of 10000+50000
 7449 words of font info for 27 fonts, out of 3000000 for 5000
 28 hyphenation exceptions out of 8191
 44i,8n,23p,307b,331s stack positions out of 5000i,500n,10000p,200000b,50000s

Output written on images.dvi (44 pages, 50424 bytes).
